C:\USERS\TEST\DOCUMENTS\VISUAL STUDIO 2012\PROJECTS\MLRUN\MLRUN\X64\DEBUG\IMAGEMATCHER.OBJ
C:\USERS\TEST\DOCUMENTS\VISUAL STUDIO 2012\PROJECTS\MLRUN\MLRUN\X64\DEBUG\MLRUN.OBJ
C:\USERS\TEST\DOCUMENTS\VISUAL STUDIO 2012\PROJECTS\MLRUN\MLRUN\X64\DEBUG\OBJECTFINDER.OBJ
C:\USERS\TEST\DOCUMENTS\VISUAL STUDIO 2012\PROJECTS\MLRUN\MLRUN\X64\DEBUG\VC110.PDB
C:\USERS\TEST\DOCUMENTS\VISUAL STUDIO 2012\PROJECTS\MLRUN\X64\DEBUG\MLRUN.ILK
C:\USERS\TEST\DOCUMENTS\VISUAL STUDIO 2012\PROJECTS\MLRUN\X64\DEBUG\MLRUN.EXE
C:\USERS\TEST\DOCUMENTS\VISUAL STUDIO 2012\PROJECTS\MLRUN\X64\DEBUG\MLRUN.PDB
C:\Users\test\Documents\Visual Studio 2012\Projects\MLRun\MLRun\x64\Debug\ImageMatcher.obj
C:\Users\test\Documents\Visual Studio 2012\Projects\MLRun\MLRun\x64\Debug\MLRun.obj
C:\Users\test\Documents\Visual Studio 2012\Projects\MLRun\MLRun\x64\Debug\ObjectFinder.obj
C:\Users\test\Documents\Visual Studio 2012\Projects\MLRun\MLRun\x64\Debug\cl.command.1.tlog
C:\Users\test\Documents\Visual Studio 2012\Projects\MLRun\MLRun\x64\Debug\CL.read.1.tlog
C:\Users\test\Documents\Visual Studio 2012\Projects\MLRun\MLRun\x64\Debug\CL.write.1.tlog
C:\Users\test\Documents\Visual Studio 2012\Projects\MLRun\MLRun\x64\Debug\link-cvtres.read.1.tlog
C:\Users\test\Documents\Visual Studio 2012\Projects\MLRun\MLRun\x64\Debug\link-cvtres.write.1.tlog
C:\Users\test\Documents\Visual Studio 2012\Projects\MLRun\MLRun\x64\Debug\link-rc.read.1.tlog
C:\Users\test\Documents\Visual Studio 2012\Projects\MLRun\MLRun\x64\Debug\link-rc.write.1.tlog
C:\Users\test\Documents\Visual Studio 2012\Projects\MLRun\MLRun\x64\Debug\link.1392-cvtres.read.1.tlog
C:\Users\test\Documents\Visual Studio 2012\Projects\MLRun\MLRun\x64\Debug\link.1392-cvtres.write.1.tlog
C:\Users\test\Documents\Visual Studio 2012\Projects\MLRun\MLRun\x64\Debug\link.1392-rc.read.1.tlog
C:\Users\test\Documents\Visual Studio 2012\Projects\MLRun\MLRun\x64\Debug\link.1392-rc.write.1.tlog
C:\Users\test\Documents\Visual Studio 2012\Projects\MLRun\MLRun\x64\Debug\link.1392.read.1.tlog
C:\Users\test\Documents\Visual Studio 2012\Projects\MLRun\MLRun\x64\Debug\link.1392.write.1.tlog
C:\Users\test\Documents\Visual Studio 2012\Projects\MLRun\MLRun\x64\Debug\link.19584-cvtres.read.1.tlog
C:\Users\test\Documents\Visual Studio 2012\Projects\MLRun\MLRun\x64\Debug\link.19584-cvtres.write.1.tlog
C:\Users\test\Documents\Visual Studio 2012\Projects\MLRun\MLRun\x64\Debug\link.19584-rc.read.1.tlog
C:\Users\test\Documents\Visual Studio 2012\Projects\MLRun\MLRun\x64\Debug\link.19584-rc.write.1.tlog
C:\Users\test\Documents\Visual Studio 2012\Projects\MLRun\MLRun\x64\Debug\link.19584.read.1.tlog
C:\Users\test\Documents\Visual Studio 2012\Projects\MLRun\MLRun\x64\Debug\link.19584.write.1.tlog
C:\Users\test\Documents\Visual Studio 2012\Projects\MLRun\MLRun\x64\Debug\link.22156-cvtres.read.1.tlog
C:\Users\test\Documents\Visual Studio 2012\Projects\MLRun\MLRun\x64\Debug\link.22156-cvtres.write.1.tlog
C:\Users\test\Documents\Visual Studio 2012\Projects\MLRun\MLRun\x64\Debug\link.22156-rc.read.1.tlog
C:\Users\test\Documents\Visual Studio 2012\Projects\MLRun\MLRun\x64\Debug\link.22156-rc.write.1.tlog
C:\Users\test\Documents\Visual Studio 2012\Projects\MLRun\MLRun\x64\Debug\link.22156.read.1.tlog
C:\Users\test\Documents\Visual Studio 2012\Projects\MLRun\MLRun\x64\Debug\link.22156.write.1.tlog
C:\Users\test\Documents\Visual Studio 2012\Projects\MLRun\MLRun\x64\Debug\link.2532-cvtres.read.1.tlog
C:\Users\test\Documents\Visual Studio 2012\Projects\MLRun\MLRun\x64\Debug\link.2532-cvtres.write.1.tlog
C:\Users\test\Documents\Visual Studio 2012\Projects\MLRun\MLRun\x64\Debug\link.2532-rc.read.1.tlog
C:\Users\test\Documents\Visual Studio 2012\Projects\MLRun\MLRun\x64\Debug\link.2532-rc.write.1.tlog
C:\Users\test\Documents\Visual Studio 2012\Projects\MLRun\MLRun\x64\Debug\link.2532.read.1.tlog
C:\Users\test\Documents\Visual Studio 2012\Projects\MLRun\MLRun\x64\Debug\link.2532.write.1.tlog
C:\Users\test\Documents\Visual Studio 2012\Projects\MLRun\MLRun\x64\Debug\link.command.1.tlog
C:\Users\test\Documents\Visual Studio 2012\Projects\MLRun\MLRun\x64\Debug\link.read.1.tlog
C:\Users\test\Documents\Visual Studio 2012\Projects\MLRun\MLRun\x64\Debug\link.write.1.tlog
C:\Users\test\Documents\Visual Studio 2012\Projects\MLRun\MLRun\x64\Debug\vc110.idb
C:\Users\test\Documents\Visual Studio 2012\Projects\MLRun\MLRun\x64\Debug\vc110.pdb
C:\Users\test\Documents\Visual Studio 2012\Projects\MLRun\x64\Debug\MLRun.pdb
C:\Users\test\Documents\Visual Studio 2012\Projects\MLRun\x64\Debug\MLRun.exe
C:\Users\test\Documents\Visual Studio 2012\Projects\MLRun\x64\Debug\MLRun.ilk
